# JRE version: OpenJDK Runtime Environment (15.0.1+9) (build 15.0.1+9-18)
# Java VM: OpenJDK 64-Bit Server VM (15.0.1+9-18, mixed mode, tiered, compressed oops, g1 gc, windows-amd64)
GC Precious Log:
 CPUs: 4 total, 4 available
 Memory: 8083M
 Large Page Support: Disabled
 NUMA Support: Disabled
 Compressed Oops: Enabled (32-bit)
 Heap Region Size: 1M
 Heap Min Capacity: 8M
 Heap Initial Capacity: 128M
 Heap Max Capacity: 2022M
 Pre-touch: Disabled
 Parallel Workers: 4
 Concurrent Workers: 1
 Concurrent Refinement Workers: 4
 Periodic GC: Disabled
Heap:
 garbage-first heap   total 73728K, used 43541K [0x0000000081a00000, 0x0000000100000000)
  region size 1024K, 5 young (5120K), 2 survivors (2048K)
 Metaspace       used 74181K, capacity 74763K, committed 75036K, reserved 1116160K
  class space    used 8940K, capacity 9122K, committed 9164K, reserved 1048576K
GC Heap History (20 events):
Event: 14.056 GC heap before
{Heap before GC invocations=25 (full 0):
 garbage-first heap   total 55296K, used 44874K [0x0000000081a00000, 0x0000000100000000)
  region size 1024K, 20 young (20480K), 3 survivors (3072K)
 Metaspace       used 61889K, capacity 62419K, committed 62492K, reserved 1103872K
  class space    used 7432K, capacity 7584K, committed 7628K, reserved 1048576K
}
Event: 14.061 GC heap after
{Heap after GC invocations=26 (full 0):
 garbage-first heap   total 55296K, used 28285K [0x0000000081a00000, 0x0000000100000000)
  region size 1024K, 2 young (2048K), 2 survivors (2048K)
 Metaspace       used 61889K, capacity 62419K, committed 62492K, reserved 1103872K
  class space    used 7432K, capacity 7584K, committed 7628K, reserved 1048576K
}
Event: 14.906 GC heap before
{Heap before GC invocations=26 (full 0):
 garbage-first heap   total 55296K, used 45693K [0x0000000081a00000, 0x0000000100000000)
  region size 1024K, 19 young (19456K), 2 survivors (2048K)
 Metaspace       used 64427K, capacity 65032K, committed 65180K, reserved 1105920K
  class space    used 7775K, capacity 7941K, committed 8012K, reserved 1048576K
}
Event: 14.913 GC heap after
{Heap after GC invocations=27 (full 0):
 garbage-first heap   total 55296K, used 30102K [0x0000000081a00000, 0x0000000100000000)
  region size 1024K, 3 young (3072K), 3 survivors (3072K)
 Metaspace       used 64427K, capacity 65032K, committed 65180K, reserved 1105920K
  class space    used 7775K, capacity 7941K, committed 8012K, reserved 1048576K
}
Event: 15.575 GC heap before
{Heap before GC invocations=28 (full 0):
 garbage-first heap   total 55296K, used 45462K [0x0000000081a00000, 0x0000000100000000)
  region size 1024K, 18 young (18432K), 3 survivors (3072K)
 Metaspace       used 65311K, capacity 65841K, committed 66076K, reserved 1107968K
  class space    used 7929K, capacity 8103K, committed 8140K, reserved 1048576K
}
Event: 15.584 GC heap after
{Heap after GC invocations=29 (full 0):
 garbage-first heap   total 55296K, used 31642K [0x0000000081a00000, 0x0000000100000000)
  region size 1024K, 2 young (2048K), 2 survivors (2048K)
 Metaspace       used 65311K, capacity 65841K, committed 66076K, reserved 1107968K
  class space    used 7929K, capacity 8103K, committed 8140K, reserved 1048576K
}
Event: 16.009 GC heap before
{Heap before GC invocations=29 (full 0):
 garbage-first heap   total 55296K, used 44954K [0x0000000081a00000, 0x0000000100000000)
  region size 1024K, 15 young (15360K), 2 survivors (2048K)
 Metaspace       used 65903K, capacity 66433K, committed 66716K, reserved 1107968K
  class space    used 8006K, capacity 8170K, committed 8268K, reserved 1048576K
}
Event: 16.015 GC heap after
{Heap after GC invocations=30 (full 0):
 garbage-first heap   total 55296K, used 33289K [0x0000000081a00000, 0x0000000100000000)
  region size 1024K, 2 young (2048K), 2 survivors (2048K)
 Metaspace       used 65903K, capacity 66433K, committed 66716K, reserved 1107968K
  class space    used 8006K, capacity 8170K, committed 8268K, reserved 1048576K
}
Event: 16.376 GC heap before
{Heap before GC invocations=31 (full 0):
 garbage-first heap   total 60416K, used 44553K [0x0000000081a00000, 0x0000000100000000)
  region size 1024K, 13 young (13312K), 2 survivors (2048K)
 Metaspace       used 66222K, capacity 66800K, committed 66972K, reserved 1107968K
  class space    used 8039K, capacity 8205K, committed 8268K, reserved 1048576K
}
Event: 16.381 GC heap after
{Heap after GC invocations=32 (full 0):
 garbage-first heap   total 60416K, used 34435K [0x0000000081a00000, 0x0000000100000000)
  region size 1024K, 2 young (2048K), 2 survivors (2048K)
 Metaspace       used 66222K, capacity 66800K, committed 66972K, reserved 1107968K
  class space    used 8039K, capacity 8205K, committed 8268K, reserved 1048576K
}
Event: 17.175 GC heap before
{Heap before GC invocations=32 (full 0):
 garbage-first heap   total 60416K, used 48771K [0x0000000081a00000, 0x0000000100000000)
  region size 1024K, 16 young (16384K), 2 survivors (2048K)
 Metaspace       used 67225K, capacity 67766K, committed 67868K, reserved 1110016K
  class space    used 8167K, capacity 8335K, committed 8396K, reserved 1048576K
}
Event: 17.181 GC heap after
{Heap after GC invocations=33 (full 0):
 garbage-first heap   total 60416K, used 35789K [0x0000000081a00000, 0x0000000100000000)
  region size 1024K, 2 young (2048K), 2 survivors (2048K)
 Metaspace       used 67225K, capacity 67766K, committed 67868K, reserved 1110016K
  class space    used 8167K, capacity 8335K, committed 8396K, reserved 1048576K
}
Event: 17.740 GC heap before
{Heap before GC invocations=34 (full 0):
 garbage-first heap   total 65536K, used 48077K [0x0000000081a00000, 0x0000000100000000)
  region size 1024K, 14 young (14336K), 2 survivors (2048K)
 Metaspace       used 67881K, capacity 68437K, committed 68764K, reserved 1110016K
  class space    used 8240K, capacity 8403K, committed 8524K, reserved 1048576K
}
Event: 17.745 GC heap after
{Heap after GC invocations=35 (full 0):
 garbage-first heap   total 65536K, used 36974K [0x0000000081a00000, 0x0000000100000000)
  region size 1024K, 2 young (2048K), 2 survivors (2048K)
 Metaspace       used 67881K, capacity 68437K, committed 68764K, reserved 1110016K
  class space    used 8240K, capacity 8403K, committed 8524K, reserved 1048576K
}
Event: 18.443 GC heap before
{Heap before GC invocations=35 (full 0):
 garbage-first heap   total 65536K, used 51310K [0x0000000081a00000, 0x0000000100000000)
  region size 1024K, 17 young (17408K), 2 survivors (2048K)
 Metaspace       used 69244K, capacity 69851K, committed 69916K, reserved 1110016K
  class space    used 8382K, capacity 8596K, committed 8652K, reserved 1048576K
}
Event: 18.449 GC heap after
{Heap after GC invocations=36 (full 0):
 garbage-first heap   total 65536K, used 38533K [0x0000000081a00000, 0x0000000100000000)
  region size 1024K, 3 young (3072K), 3 survivors (3072K)
 Metaspace       used 69244K, capacity 69851K, committed 69916K, reserved 1110016K
  class space    used 8382K, capacity 8596K, committed 8652K, reserved 1048576K
}
Event: 18.963 GC heap before
{Heap before GC invocations=37 (full 0):
 garbage-first heap   total 68608K, used 53893K [0x0000000081a00000, 0x0000000100000000)
  region size 1024K, 18 young (18432K), 3 survivors (3072K)
 Metaspace       used 69656K, capacity 70233K, committed 70428K, reserved 1112064K
  class space    used 8436K, capacity 8637K, committed 8652K, reserved 1048576K
}
Event: 18.971 GC heap after
{Heap after GC invocations=38 (full 0):
 garbage-first heap   total 68608K, used 40356K [0x0000000081a00000, 0x0000000100000000)
  region size 1024K, 2 young (2048K), 2 survivors (2048K)
 Metaspace       used 69656K, capacity 70233K, committed 70428K, reserved 1112064K
  class space    used 8436K, capacity 8637K, committed 8652K, reserved 1048576K
}
Event: 25.289 GC heap before
{Heap before GC invocations=38 (full 0):
 garbage-first heap   total 68608K, used 55716K [0x0000000081a00000, 0x0000000100000000)
  region size 1024K, 17 young (17408K), 2 survivors (2048K)
 Metaspace       used 73844K, capacity 74411K, committed 74524K, reserved 1114112K
  class space    used 8901K, capacity 9090K, committed 9164K, reserved 1048576K
}
Event: 25.296 GC heap after
{Heap after GC invocations=39 (full 0):
 garbage-first heap   total 68608K, used 41493K [0x0000000081a00000, 0x0000000100000000)
  region size 1024K, 2 young (2048K), 2 survivors (2048K)
 Metaspace       used 73844K, capacity 74411K, committed 74524K, reserved 1114112K
  class space    used 8901K, capacity 9090K, committed 9164K, reserved 1048576K
}

